ifort -O2 -fp-model source -convert big_endian -assume byterecl -ftz -traceback -assume realloc_lhs  -xAVX   -o kernel.exe kernel_driver.o clubb_intr.o kgen_utils.o fill_holes.o Skw_module.o mono_flux_limiter.o shr_const_mod.o stats_type_utilities.o stats_variables.o surface_varnce_module.o saturation.o interpolation.o parameters_tunable.o advance_windm_edsclrm_module.o model_flags.o anl_erf.o mixing_length.o pdf_parameter_module.o variables_diagnostic_module.o clubb_precision.o lapack_wrap.o constants_clubb.o grid_class.o mean_adv.o advance_helper_module.o clip_semi_implicit.o diffusion.o pdf_utilities.o stat_file_module.o ppgrid.o clip_explicit.o sponge_layer_damping.o advance_xp2_xpyp_module.o T_in_K_module.o stats_type.o array_index.o advance_clubb_core_module.o stats_clubb_utilities.o numerical_check.o advance_xm_wpxp_module.o error_code.o pdf_closure_module.o pdf_closure_module_test.o parameters_model.o sigma_sqd_w_module.o shr_kind_mod.o advance_wp2_wp3_module.o pos_definite_module.o dgtsvx.o dgtsv.o dgbsvx.o dgbsv.o xerbla.o lsame.o dlangt.o dgtcon.o dlacpy.o dlamch.o dcopy.o dlacn2.o dgttrs.o dgtts2.o disnan.o ilaenv.o dgtrfs.o dgttrf.o dlassq.o dgbtrf.o dasum.o dgemm.o dswap.o idamax.o dgbtrs.o dger.o dgemv.o dtbsv.o dtrsm.o dscal.o dlantb.o dlangb.o dgbcon.o dgbrfs.o dgbequ.o dlaqgb.o dlagtm.o dgbtf2.o dlaisnan.o iparmq.o ieeeck.o daxpy.o dlaswp.o dgbmv.o dlatbs.o ddot.o drscl.o dlabad.o
./kernel.exe
 
 
 ** Verification against './advance_clubb_core.1.0' **
 nlevel          33 BB           0 BB   68032.4919208186     
   68032.4919208186        66982.5778827026        65825.4204699418     
   64517.9577441394        63071.2689169379        61497.4123214969     
   59809.2404200383        57433.7173188885        53904.8721866488     
   49481.6729623820        44469.1020168750        39242.7401230125     
   34409.2798450572        30300.7610834202        26808.4536137582     
   23839.9348577054        21316.6466740702        19171.8107086898     
   16822.5079774857        14299.4038760662        12154.7240763903     
   10331.7126631737        8782.12302923203        7375.09578466415     
   6152.04982459545        5167.74989664555        4319.37500834465     
   3450.38384243630        2414.49963345908        1435.66322512925     
   759.481964632869        364.346569404006      BB  0.895786049686252     
  0.895786049686252       0.891814267599999       0.887384934603123     
  0.882312829128136       0.876614316438358       0.870307843710069     
  0.863413822305018       0.853473412147588       0.838149854903760     
  0.817895257074722       0.793312753012192       0.765473747616798     
  0.737259757838770       0.710955919781108       0.686511410259148     
  0.663874104518230       0.642989456836964       0.623799408880475     
  0.600930359610024       0.573667601234942       0.547641681848955     
  0.522796510724596       0.499078498802276       0.474790960929053     
  0.450819697909159       0.428912687498675       0.407490155232870     
  0.382159330920806       0.345101535699332       0.297467383247307     
  0.247986868901121       0.201040844409838      BB   272.924453223742     
   272.924453223742        277.745301327897        278.890207235706     
   280.278538188702        281.040168345010        281.899244497361     
   282.687276059785        283.840763758191        285.266269615405     
   287.037078896017        289.393006354816        292.569048105608     
   297.380891422731        303.554458677394        310.716210417319     
   319.937128683088        331.806469869840        345.771338185544     
   363.559066455990        386.893564741187        410.210883081527     
   434.533490796169        459.940933528478        488.475029304181     
   519.022600692305        549.035066787773        580.294016672521     
   621.000531670384        691.770582812168        820.197065018203     
   1025.02349919125        1319.35558277132      BB  0.000000000000000E+000
 -3.646336231857886E-003 -4.070429645123476E-004  3.111702426402783E-005
  7.102187650975373E-005 -3.341251588045197E-004 -5.842820241186535E-004
 -8.956180272435635E-004 -1.239044237190828E-003 -1.553918425098453E-003
 -1.874720255031318E-003 -2.329175588995207E-003 -2.587923525619347E-003
 -2.295395012428324E-003 -1.400055571764823E-003 -4.526172184650848E-004
 -6.051844591701220E-005 -1.314638042386286E-004 -3.060244182173401E-004
 -4.419240751020339E-004 -5.133770343663236E-004 -4.418254944080226E-004
 -2.898996390525586E-004 -2.387058839341208E-004 -4.035730451013507E-004
 -6.318519839113426E-004 -6.867399305870074E-004 -6.155572104375024E-004
 -4.684531802550215E-004 -3.886243352871735E-004 -7.692122048362274E-004
 -1.421673576868517E-003 -8.935160939863508E-004 BB  4.000000000000000E-004
  4.000000000000000E-004  4.000000000000000E-004  4.000000000000000E-004
  4.000000000000000E-004  4.000000000000000E-004  4.000000000000000E-004
  4.000000000000000E-004  4.000000000000000E-004  4.000000000000000E-004
  4.000000000000000E-004  4.000000000000000E-004  4.000000000000000E-004
  4.000000000000000E-004  4.000000000000000E-004  4.000000000000000E-004
  4.000000000000000E-004  4.000000000000000E-004  4.000000000000000E-004
  4.000000000000000E-004  4.000000000000000E-004  4.000000000000000E-004
  4.000000000000000E-004  4.000000000000000E-004  4.000000000000000E-004
  4.000000000000000E-004  4.000000000000000E-004  4.000000000000000E-004
  4.000000000000000E-004  4.000000000000000E-004  4.000000000000000E-004
  4.000000000000000E-004  4.000000000000000E-004 BB  0.000000000000000E+000
  0.000000000000000E+000  0.000000000000000E+000  0.000000000000000E+000
  0.000000000000000E+000  0.000000000000000E+000  0.000000000000000E+000
  0.000000000000000E+000  0.000000000000000E+000  0.000000000000000E+000
  0.000000000000000E+000  0.000000000000000E+000  0.000000000000000E+000
  0.000000000000000E+000  0.000000000000000E+000  0.000000000000000E+000
  0.000000000000000E+000  0.000000000000000E+000  0.000000000000000E+000
  0.000000000000000E+000  0.000000000000000E+000  0.000000000000000E+000
  0.000000000000000E+000  0.000000000000000E+000  0.000000000000000E+000
  0.000000000000000E+000  0.000000000000000E+000  0.000000000000000E+000
  0.000000000000000E+000  0.000000000000000E+000  0.000000000000000E+000
  0.000000000000000E+000  0.000000000000000E+000 BB  0.290000000000000     
  0.290000000000000       0.290000000000000       0.290000000000000     
  0.290000000000000       0.290000000000000       0.290000000000000     
  0.290000000000000       0.290000000000000       0.290000000000000     
  0.290000000000000       0.290000000000000       0.290000000000000     
  0.290000000000000       0.290000000000000       0.290000000000000     
  0.290000000000000       0.290000000000000       0.290000000000000     
  0.290000000000000       0.290000000000000       0.290000000000000     
  0.290000000000000       0.290000000000000       0.290000000000000     
  0.290000000000000       0.290000000000000       0.290000000000000     
  0.290000000000000       0.290000000000000       0.290000000000000     
  0.290000000000000       0.290000000000000      BB  0.000000000000000E+000
  0.000000000000000E+000  0.000000000000000E+000  0.000000000000000E+000
  0.000000000000000E+000  0.000000000000000E+000  0.000000000000000E+000
  0.000000000000000E+000  0.000000000000000E+000  0.000000000000000E+000
  0.000000000000000E+000  0.000000000000000E+000  0.000000000000000E+000
  0.000000000000000E+000  0.000000000000000E+000  0.000000000000000E+000
  0.000000000000000E+000  0.000000000000000E+000  0.000000000000000E+000
  0.000000000000000E+000  0.000000000000000E+000  0.000000000000000E+000
  0.000000000000000E+000  0.000000000000000E+000  0.000000000000000E+000
  0.000000000000000E+000  0.000000000000000E+000  0.000000000000000E+000
  0.000000000000000E+000  0.000000000000000E+000  0.000000000000000E+000
  0.000000000000000E+000  0.000000000000000E+000 BB  4.272183012163435E-004
  4.272183012163435E-004  5.896493310078003E-004  5.859699835333986E-004
  5.867373038186821E-004  5.423291645744719E-004  4.969520931500121E-004
  4.415440911360518E-004  3.761755644021868E-004  2.759296549144265E-004
  1.788487369671421E-004  1.037981645029099E-004  6.060229595916568E-005
  3.717634391355095E-005  2.527065254180220E-005  2.200260399572168E-005
  1.703737752857732E-005  9.714953401922428E-006  5.521853425916103E-006
  3.421889641618590E-006  1.819636145920172E-006  1.300313953780720E-006
  1.017500469316260E-006  8.597777384169256E-007  7.776293014652978E-007
  8.811293920567880E-007  1.055155499911203E-006  1.342450548586052E-006
  1.517035292562152E-006  1.555549377250034E-006  1.567619271383914E-006
  1.526359350428424E-006  1.599939277858913E-006 BB  1.000000000000000E-016
  1.000000000000000E-016  1.000000000000000E-016  1.000000000000000E-016
  1.000000000000000E-016  1.000000000000000E-016  1.000000000000000E-016
  1.000000000000000E-016  1.000000000000000E-016  1.000000000000000E-016
  1.000000000000000E-016  1.000000000000000E-016  1.000000000000000E-016
  1.000000000000000E-016  1.000000000000000E-016  1.000000000000000E-016
  1.000000000000000E-016  1.000000000000000E-016  1.000000000000000E-016
  1.000000000000000E-016  1.000000000000000E-016  1.000000000000000E-016
  1.000000000000000E-016  1.000000000000000E-016  1.000000000000000E-016
  1.000000000000000E-016  1.000000000000000E-016  1.000000000000000E-016
  1.000000000000000E-016  1.000000000000000E-016  1.000000000000000E-016
  1.000000000000000E-016  1.000000000000000E-016 BB  0.000000000000000E+000
  0.000000000000000E+000  0.000000000000000E+000  0.000000000000000E+000
  0.000000000000000E+000  0.000000000000000E+000  0.000000000000000E+000
  0.000000000000000E+000  0.000000000000000E+000  0.000000000000000E+000
  0.000000000000000E+000  0.000000000000000E+000  0.000000000000000E+000
  0.000000000000000E+000  0.000000000000000E+000  0.000000000000000E+000
  0.000000000000000E+000  0.000000000000000E+000  0.000000000000000E+000
  0.000000000000000E+000  0.000000000000000E+000  0.000000000000000E+000
  0.000000000000000E+000  0.000000000000000E+000  0.000000000000000E+000
  0.000000000000000E+000  0.000000000000000E+000  0.000000000000000E+000
  0.000000000000000E+000  0.000000000000000E+000  0.000000000000000E+000
  0.000000000000000E+000  0.000000000000000E+000 BB   272.853603968514     
   272.853603968514        277.645797300252        278.790916269935     
   280.178622326052        280.947561311509        281.814124220825     
   282.611432353187        283.775882119582        285.218436164024     
   287.005880489070        289.374750336892        292.558272114946     
   297.374172097398        303.549796356641        310.712055255592     
   319.933815704426        331.804510669924        345.770177730946     
   363.558310327118        386.893136851985        410.210558883174     
   434.533222067902        459.940693178671        488.474798432574     
   519.022322732837        549.034714682914        580.293543192367     
   620.999959081383        691.769928776811        820.196283544917     
   1025.02254826692        1319.35429978897      BB  1.000000000000000E-004
  1.000000000000000E-004  1.000000000000000E-004  1.000000000000000E-004
  1.000000000000000E-004  1.000000000000000E-004  1.000000000000000E-004
  1.000000000000000E-004  1.000000000000000E-004  1.000000000000000E-004
  1.000000000000000E-004  1.000000000000000E-004  1.000000000000000E-004
  1.000000000000000E-004  1.000000000000000E-004  1.000000000000000E-004
  1.000000000000000E-004  1.000000000000000E-004  1.000000000000000E-004
  1.000000000000000E-004  1.000000000000000E-004  1.000000000000000E-004
  1.000000000000000E-004  1.000000000000000E-004  1.000000000000000E-004
  1.000000000000000E-004  1.000000000000000E-004  1.000000000000000E-004
  1.000000000000000E-004  1.000000000000000E-004  1.000000000000000E-004
  1.000000000000000E-004  1.000000000000000E-004 BB  0.000000000000000E+000
  0.000000000000000E+000  0.000000000000000E+000  0.000000000000000E+000
  0.000000000000000E+000  0.000000000000000E+000  0.000000000000000E+000
  0.000000000000000E+000  0.000000000000000E+000  0.000000000000000E+000
  0.000000000000000E+000  0.000000000000000E+000  0.000000000000000E+000
  0.000000000000000E+000  0.000000000000000E+000  0.000000000000000E+000
  0.000000000000000E+000  0.000000000000000E+000  0.000000000000000E+000
  0.000000000000000E+000  0.000000000000000E+000  0.000000000000000E+000
  0.000000000000000E+000  0.000000000000000E+000  0.000000000000000E+000
  0.000000000000000E+000  0.000000000000000E+000  0.000000000000000E+000
  0.000000000000000E+000  0.000000000000000E+000  0.000000000000000E+000
  0.000000000000000E+000  0.000000000000000E+000 BB  0.000000000000000E+000
  0.000000000000000E+000  0.000000000000000E+000  0.000000000000000E+000
  0.000000000000000E+000  0.000000000000000E+000  0.000000000000000E+000
  0.000000000000000E+000  0.000000000000000E+000  0.000000000000000E+000
  0.000000000000000E+000  0.000000000000000E+000  0.000000000000000E+000
  0.000000000000000E+000  0.000000000000000E+000  0.000000000000000E+000
  0.000000000000000E+000  0.000000000000000E+000  0.000000000000000E+000
  0.000000000000000E+000  0.000000000000000E+000  0.000000000000000E+000
  0.000000000000000E+000  0.000000000000000E+000  0.000000000000000E+000
  0.000000000000000E+000  0.000000000000000E+000  0.000000000000000E+000
  0.000000000000000E+000  0.000000000000000E+000  0.000000000000000E+000
  0.000000000000000E+000  0.000000000000000E+000 BBBBBBBBBBBBBBBBBB
 
 thlm_in is NOT IDENTICAL.
          33  of           33  elements are different.
 RMS of difference is   7.233296880127095E-006
 Normalized RMS of difference is   2.639589979936243E-008
 
 rtm_in is NOT IDENTICAL.
          33  of           33  elements are different.
 RMS of difference is   1.209616911728992E-015
 Normalized RMS of difference is   4.805993628515391E-012
 
 wprtp_in is NOT IDENTICAL.
          31  of           33  elements are different.
 RMS of difference is   3.549818190680701E-016
 Normalized RMS of difference is   8.221573723839975E-003
 
 wpthlp_in is NOT IDENTICAL.
          31  of           33  elements are different.
 RMS of difference is   2.022155112548889E-006
 Normalized RMS of difference is   0.180547160447258     
 
 rtp2_in is NOT IDENTICAL.
          31  of           33  elements are different.
 RMS of difference is   4.387079756543857E-020
 Normalized RMS of difference is   5.268369963168576E-007
 
 thlp2_in is NOT IDENTICAL.
          31  of           33  elements are different.
 RMS of difference is   7.827662647692018E-006
 Normalized RMS of difference is   1.332925473405635E-002
 
 rtpthlp_in is NOT IDENTICAL.
          31  of           33  elements are different.
 RMS of difference is   1.099227172132779E-010
 Normalized RMS of difference is   6.682323906823713E-002
 
 edsclr_in is NOT IDENTICAL.
         143  of          495  elements are different.
 RMS of difference is   3.474763426016546E-006
 Normalized RMS of difference is   1.268018031886670E-008
 
 ice_supersat_frac is NOT IDENTICAL.
           9  of           33  elements are different.
 RMS of difference is   0.478532997917404     
 Normalized RMS of difference is   0.577350269189626     
 
 advance_clubb_core: Tolerance for normalized RMS:   9.999999824516700E-015
 advance_clubb_core: Number of variables checked:           33
 advance_clubb_core: Number of Identical results:           24
 advance_clubb_core: Number of warnings detected:            0
 advance_clubb_core: Number of fatal errors detected:            9
 advance_clubb_core: Verification FAILED
 
 advance_clubb_core : Time per call (usec):   9.999999747378752E-005
 
                     Summary                                                   
 ******************************************************************************
 advance_clubb_core : Total number of verification cases: 1
 advance_clubb_core : Total time for all calls (usec):   9.999999747378752E-005
 ******************************************************************************
